[2022-09-01T15:12:36.259] [WARN] warnOnly - ruta /favicon.ico método GET no implementada
[2022-09-01T15:14:56.474] [WARN] warnOnly - ruta /mycart/6308add6fdd9618fa1afe183 método GET no implementada
[2022-09-01T15:15:59.243] [WARN] warnOnly - ruta /mycart/6308add6fdd9618fa1afe183 método GET no implementada
[2022-09-01T15:16:03.646] [WARN] warnOnly - ruta /mycart/6308add6fdd9618fa1afe183 método DELETE no implementada
[2022-09-01T15:17:30.582] [WARN] warnOnly - ruta /mycart/6308add6fdd9618fa1afe183 método GET no implementada
[2022-09-01T15:17:35.660] [WARN] warnOnly - ruta /mycart/6308add6fdd9618fa1afe183 método DELETE no implementada
[2022-09-01T15:19:08.371] [WARN] warnOnly - ruta /mycart/6308add6fdd9618fa1afe183 método GET no implementada
[2022-09-01T15:21:27.511] [WARN] warnOnly - ruta /mycart/6308add6fdd9618fa1afe183 método DELETE no implementada
[2022-09-01T15:25:55.410] [WARN] warnOnly - ruta /mycart/6308add6fdd9618fa1afe183 método GET no implementada
[2022-09-01T15:26:07.288] [WARN] warnOnly - ruta /mycart/6308add6fdd9618fa1afe183 método DELETE no implementada
[2022-09-01T15:26:22.546] [WARN] warnOnly - ruta /mycart/6308add6fdd9618fa1afe183 método GET no implementada
[2022-09-06T19:58:01.322] [WARN] warnOnly - ruta /favicon.ico método GET no implementada
[2022-09-07T20:23:11.367] [WARN] warnOnly - ruta /favicon.ico método GET no implementada
[2022-09-09T21:07:41.227] [WARN] warnOnly - ruta /favicon.ico método GET no implementada
[2022-09-10T15:29:16.576] [WARN] warnOnly - ruta /favicon.ico método GET no implementada
[2022-09-10T15:29:21.673] [WARN] warnOnly - ruta /favicon.ico método GET no implementada
[2022-09-13T15:32:11.571] [WARN] warnOnly - ruta /favicon.ico método GET no implementada
[2022-09-13T15:32:17.047] [WARN] warnOnly - ruta /favicon.ico método GET no implementada
[2022-09-13T15:32:17.413] [WARN] warnOnly - ruta /api/no%20hay método GET no implementada
[2022-09-13T15:41:25.881] [WARN] warnOnly - ruta /favicon.ico método GET no implementada
[2022-09-13T16:01:33.265] [WARN] warnOnly - ruta /mycart/6308add6fdd9618fa1afe183 método GET no implementada
[2022-09-13T16:04:19.574] [WARN] warnOnly - ruta /favicon.ico método GET no implementada
[2022-09-13T16:06:43.266] [WARN] warnOnly - ruta /mycart/6308add6fdd9618fa1afe183 método GET no implementada
[2022-10-11T18:48:06.467] [WARN] warnOnly - ruta / método GET no implementada
[2022-10-11T18:48:13.914] [WARN] warnOnly - ruta /favicon.ico método GET no implementada
[2022-10-11T18:49:28.867] [WARN] warnOnly - ruta /api/nop método GET no implementada
[2022-10-11T18:52:24.683] [WARN] warnOnly - ruta /api/nop método GET no implementada
[2022-10-11T18:52:27.137] [WARN] warnOnly - ruta /mycart/6308add6fdd9618fa1afe183 método GET no implementada
[2022-10-11T19:22:47.813] [WARN] warnOnly - ruta /api/nop método GET no implementada
[2022-10-11T19:23:16.997] [WARN] warnOnly - ruta /api/nop método GET no implementada
[2022-10-11T19:23:19.761] [WARN] warnOnly - ruta /api/carts/ método GET no implementada
[2022-10-11T19:31:43.789] [WARN] warnOnly - ruta /api/carts/ método GET no implementada
