[2022-09-07T20:31:20.745] [ERROR] errorOnly - TypeError: this.repository.getElems is not a function
    at MessageService.getMsgs (file:///home/sashashadow/Escritorio/Coding/backend-coder/Clase%2040/Entregable/services/messageService.js:8:32)
    at getMessages (file:///home/sashashadow/Escritorio/Coding/backend-coder/Clase%2040/Entregable/controllers/messagesController.js:10:27)
    at Layer.handle [as handle_request] (/home/sashashadow/Escritorio/Coding/backend-coder/Clase 40/Entregable/node_modules/express/lib/router/layer.js:95:5)
    at next (/home/sashashadow/Escritorio/Coding/backend-coder/Clase 40/Entregable/node_modules/express/lib/router/route.js:144:13)
    at Route.dispatch (/home/sashashadow/Escritorio/Coding/backend-coder/Clase 40/Entregable/node_modules/express/lib/router/route.js:114:3)
    at Layer.handle [as handle_request] (/home/sashashadow/Escritorio/Coding/backend-coder/Clase 40/Entregable/node_modules/express/lib/router/layer.js:95:5)
    at /home/sashashadow/Escritorio/Coding/backend-coder/Clase 40/Entregable/node_modules/express/lib/router/index.js:284:15
    at Function.process_params (/home/sashashadow/Escritorio/Coding/backend-coder/Clase 40/Entregable/node_modules/express/lib/router/index.js:346:12)
    at next (/home/sashashadow/Escritorio/Coding/backend-coder/Clase 40/Entregable/node_modules/express/lib/router/index.js:280:10)
    at Function.handle (/home/sashashadow/Escritorio/Coding/backend-coder/Clase 40/Entregable/node_modules/express/lib/router/index.js:175:3)
[2022-09-07T20:36:24.788] [ERROR] errorOnly - TypeError: this.repository.getElems is not a function
    at MessageService.getMsgs (file:///home/sashashadow/Escritorio/Coding/backend-coder/Clase%2040/Entregable/services/messageService.js:8:32)
    at getMessages (file:///home/sashashadow/Escritorio/Coding/backend-coder/Clase%2040/Entregable/controllers/messagesController.js:10:27)
    at Layer.handle [as handle_request] (/home/sashashadow/Escritorio/Coding/backend-coder/Clase 40/Entregable/node_modules/express/lib/router/layer.js:95:5)
    at next (/home/sashashadow/Escritorio/Coding/backend-coder/Clase 40/Entregable/node_modules/express/lib/router/route.js:144:13)
    at Route.dispatch (/home/sashashadow/Escritorio/Coding/backend-coder/Clase 40/Entregable/node_modules/express/lib/router/route.js:114:3)
    at Layer.handle [as handle_request] (/home/sashashadow/Escritorio/Coding/backend-coder/Clase 40/Entregable/node_modules/express/lib/router/layer.js:95:5)
    at /home/sashashadow/Escritorio/Coding/backend-coder/Clase 40/Entregable/node_modules/express/lib/router/index.js:284:15
    at Function.process_params (/home/sashashadow/Escritorio/Coding/backend-coder/Clase 40/Entregable/node_modules/express/lib/router/index.js:346:12)
    at next (/home/sashashadow/Escritorio/Coding/backend-coder/Clase 40/Entregable/node_modules/express/lib/router/index.js:280:10)
    at Function.handle (/home/sashashadow/Escritorio/Coding/backend-coder/Clase 40/Entregable/node_modules/express/lib/router/index.js:175:3)
[2022-09-09T20:48:07.815] [ERROR] errorOnly - TypeError: Cannot read properties of null (reading 'getElems')
    at ProductRepository.getProducts (file:///home/sashashadow/Escritorio/Coding/backend-coder/Clase%2040/Entregable/repository/productRepository.js:13:42)
    at ProductsService.getProducts (file:///home/sashashadow/Escritorio/Coding/backend-coder/Clase%2040/Entregable/services/productsService.js:27:32)
    at getProducts (file:///home/sashashadow/Escritorio/Coding/backend-coder/Clase%2040/Entregable/controllers/productsController.js:9:27)
    at Layer.handle [as handle_request] (/home/sashashadow/Escritorio/Coding/backend-coder/Clase 40/Entregable/node_modules/express/lib/router/layer.js:95:5)
    at next (/home/sashashadow/Escritorio/Coding/backend-coder/Clase 40/Entregable/node_modules/express/lib/router/route.js:144:13)
    at Route.dispatch (/home/sashashadow/Escritorio/Coding/backend-coder/Clase 40/Entregable/node_modules/express/lib/router/route.js:114:3)
    at Layer.handle [as handle_request] (/home/sashashadow/Escritorio/Coding/backend-coder/Clase 40/Entregable/node_modules/express/lib/router/layer.js:95:5)
    at /home/sashashadow/Escritorio/Coding/backend-coder/Clase 40/Entregable/node_modules/express/lib/router/index.js:284:15
    at Function.process_params (/home/sashashadow/Escritorio/Coding/backend-coder/Clase 40/Entregable/node_modules/express/lib/router/index.js:346:12)
    at next (/home/sashashadow/Escritorio/Coding/backend-coder/Clase 40/Entregable/node_modules/express/lib/router/index.js:280:10)
