[2022-08-26T17:21:09.767] [WARN] warnOnly - ruta /favicon.ico método GET no implementada
[2022-08-26T17:57:34.251] [WARN] warnOnly - ruta /favicon.ico método GET no implementada
[2022-08-26T18:03:57.750] [WARN] warnOnly - ruta /photo-1661513172637.jpg método GET no implementada
[2022-08-26T18:04:24.119] [WARN] warnOnly - ruta /photo-1661513172637.jpg método GET no implementada
[2022-08-26T18:16:01.017] [WARN] warnOnly - ruta /photo-1661513172637.jpg método GET no implementada
[2022-08-26T18:16:17.626] [WARN] warnOnly - ruta /api/mycart/api/photo-1661513172637.jpg método GET no implementada
[2022-08-26T18:16:32.321] [WARN] warnOnly - ruta /api/api/photo-1661513172637.jpg método GET no implementada
[2022-08-26T18:30:35.406] [WARN] warnOnly - ruta /favicon.ico método GET no implementada
[2022-08-26T18:34:31.274] [WARN] warnOnly - ruta /favicon.ico método GET no implementada
[2022-08-26T21:08:36.746] [WARN] warnOnly - ruta /favicon.ico método GET no implementada
[2022-08-26T21:08:47.833] [WARN] warnOnly - ruta /favicon.ico método GET no implementada
[2022-08-26T21:21:59.064] [WARN] warnOnly - ruta /favicon.ico método GET no implementada
[2022-08-26T22:06:16.416] [WARN] warnOnly - ruta /favicon.ico método GET no implementada
[2022-08-27T09:25:18.966] [WARN] warnOnly - ruta /favicon.ico método GET no implementada
[2022-08-27T12:04:17.115] [WARN] warnOnly - ruta /favicon.ico método GET no implementada
[2022-08-27T12:14:34.071] [WARN] warnOnly - ruta /favicon.ico método GET no implementada
[2022-08-27T14:42:33.947] [WARN] warnOnly - ruta /favicon.ico método GET no implementada
[2022-08-28T09:41:16.925] [WARN] warnOnly - ruta /favicon.ico método GET no implementada
[2022-08-28T10:32:32.652] [WARN] warnOnly - ruta /favicon.ico método GET no implementada
[2022-08-28T14:15:09.268] [WARN] warnOnly - ruta /favicon.ico método GET no implementada
[2022-08-28T14:15:42.919] [WARN] warnOnly - ruta /favicon.ico método GET no implementada
[2022-08-28T14:43:18.271] [WARN] warnOnly - ruta /favicon.ico método GET no implementada
[2022-08-28T14:45:23.546] [WARN] warnOnly - ruta /favicon.ico método GET no implementada
[2022-08-28T14:59:14.828] [WARN] warnOnly - ruta /favicon.ico método GET no implementada
[2022-08-28T15:09:51.863] [WARN] warnOnly - ruta /favicon.ico método GET no implementada
[2022-08-28T15:10:02.615] [WARN] warnOnly - ruta /favicon.ico método GET no implementada
[2022-08-28T15:46:49.487] [WARN] warnOnly - ruta /favicon.ico método GET no implementada
[2022-08-29T08:19:34.097] [WARN] warnOnly - ruta /favicon.ico método GET no implementada
[2022-08-29T09:09:28.693] [WARN] warnOnly - ruta /favicon.ico método GET no implementada
[2022-08-29T09:14:33.202] [WARN] warnOnly - ruta /favicon.ico método GET no implementada
[2022-08-29T12:48:14.108] [WARN] warnOnly - ruta / método GET no implementada
[2022-08-29T12:57:56.057] [WARN] warnOnly - ruta / método GET no implementada
[2022-08-29T13:28:19.226] [WARN] warnOnly - ruta / método GET no implementada
[2022-08-29T14:23:36.277] [WARN] warnOnly - ruta /api/mycart/ método GET no implementada
[2022-08-29T19:00:30.667] [WARN] warnOnly - ruta /favicon.ico método GET no implementada
[2022-08-30T08:26:04.890] [WARN] warnOnly - ruta /favicon.ico método GET no implementada
