[2022-09-01T15:12:36.259] [WARN] warnOnly - ruta /favicon.ico método GET no implementada
[2022-09-01T15:14:56.474] [WARN] warnOnly - ruta /mycart/6308add6fdd9618fa1afe183 método GET no implementada
[2022-09-01T15:15:59.243] [WARN] warnOnly - ruta /mycart/6308add6fdd9618fa1afe183 método GET no implementada
[2022-09-01T15:16:03.646] [WARN] warnOnly - ruta /mycart/6308add6fdd9618fa1afe183 método DELETE no implementada
[2022-09-01T15:17:30.582] [WARN] warnOnly - ruta /mycart/6308add6fdd9618fa1afe183 método GET no implementada
[2022-09-01T15:17:35.660] [WARN] warnOnly - ruta /mycart/6308add6fdd9618fa1afe183 método DELETE no implementada
[2022-09-01T15:19:08.371] [WARN] warnOnly - ruta /mycart/6308add6fdd9618fa1afe183 método GET no implementada
[2022-09-01T15:21:27.511] [WARN] warnOnly - ruta /mycart/6308add6fdd9618fa1afe183 método DELETE no implementada
[2022-09-01T15:25:55.410] [WARN] warnOnly - ruta /mycart/6308add6fdd9618fa1afe183 método GET no implementada
[2022-09-01T15:26:07.288] [WARN] warnOnly - ruta /mycart/6308add6fdd9618fa1afe183 método DELETE no implementada
[2022-09-01T15:26:22.546] [WARN] warnOnly - ruta /mycart/6308add6fdd9618fa1afe183 método GET no implementada
[2022-09-06T19:58:01.322] [WARN] warnOnly - ruta /favicon.ico método GET no implementada
[2022-09-07T20:23:11.367] [WARN] warnOnly - ruta /favicon.ico método GET no implementada
[2022-09-09T21:07:41.227] [WARN] warnOnly - ruta /favicon.ico método GET no implementada
[2022-09-10T15:29:16.576] [WARN] warnOnly - ruta /favicon.ico método GET no implementada
[2022-09-10T15:29:21.673] [WARN] warnOnly - ruta /favicon.ico método GET no implementada
[2022-09-13T15:32:11.571] [WARN] warnOnly - ruta /favicon.ico método GET no implementada
[2022-09-13T15:32:17.047] [WARN] warnOnly - ruta /favicon.ico método GET no implementada
[2022-09-13T15:32:17.413] [WARN] warnOnly - ruta /api/no%20hay método GET no implementada
[2022-09-13T15:41:25.881] [WARN] warnOnly - ruta /favicon.ico método GET no implementada
[2022-09-13T16:01:33.265] [WARN] warnOnly - ruta /mycart/6308add6fdd9618fa1afe183 método GET no implementada
[2022-09-13T16:04:19.574] [WARN] warnOnly - ruta /favicon.ico método GET no implementada
[2022-09-13T16:06:43.266] [WARN] warnOnly - ruta /mycart/6308add6fdd9618fa1afe183 método GET no implementada
[2022-09-23T21:16:40.909] [WARN] warnOnly - ruta / método GET no implementada
[2022-09-23T21:17:05.154] [WARN] warnOnly - ruta /favicon.ico método GET no implementada
[2022-09-24T19:12:43.642] [WARN] warnOnly - ruta /favicon.ico método GET no implementada
[2022-09-24T19:17:39.880] [WARN] warnOnly - ruta /mycart/6308add6fdd9618fa1afe183 método DELETE no implementada
[2022-09-24T19:17:46.638] [WARN] warnOnly - ruta /mycart/6308add6fdd9618fa1afe183 método DELETE no implementada
[2022-09-24T19:17:59.438] [WARN] warnOnly - ruta /mycart/6308add6fdd9618fa1afe183 método GET no implementada
[2022-09-24T19:18:14.694] [WARN] warnOnly - ruta /mycart/6308add6fdd9618fa1afe183 método GET no implementada
[2022-09-25T10:11:09.956] [WARN] warnOnly - ruta /favicon.ico método GET no implementada
[2022-09-25T10:51:17.909] [WARN] warnOnly - ruta /mycart/6308add6fdd9618fa1afe183 método GET no implementada
[2022-09-25T11:45:49.942] [WARN] warnOnly - ruta /mycart/6308add6fdd9618fa1afe183 método GET no implementada
[2022-09-25T11:52:08.299] [WARN] warnOnly - ruta /mycart/6308add6fdd9618fa1afe183 método GET no implementada
[2022-09-25T13:35:31.324] [WARN] warnOnly - ruta /mycart/6308add6fdd9618fa1afe183 método GET no implementada
[2022-09-25T13:36:56.220] [WARN] warnOnly - ruta /mycart/6308add6fdd9618fa1afe183 método GET no implementada
[2022-09-25T13:38:00.725] [WARN] warnOnly - ruta /mycart/6308add6fdd9618fa1afe183 método GET no implementada
[2022-09-25T13:47:28.263] [WARN] warnOnly - ruta /mycart/6308add6fdd9618fa1afe183 método GET no implementada
[2022-09-25T13:50:32.279] [WARN] warnOnly - ruta /mycart/6308add6fdd9618fa1afe183 método GET no implementada
[2022-09-25T13:52:43.664] [WARN] warnOnly - ruta /mycart/6308add6fdd9618fa1afe183 método GET no implementada
[2022-09-25T13:58:05.189] [WARN] warnOnly - ruta /mycart/6308add6fdd9618fa1afe183 método GET no implementada
[2022-09-25T14:00:19.972] [WARN] warnOnly - ruta /mycart/6308add6fdd9618fa1afe183 método GET no implementada
[2022-09-25T21:01:46.340] [WARN] warnOnly - ruta /favicon.ico método GET no implementada
[2022-09-25T21:01:56.161] [WARN] warnOnly - ruta /34 método GET no implementada
[2022-09-25T21:02:13.001] [WARN] warnOnly - ruta /api/unfetch.umd.js.map método GET no implementada
[2022-09-26T14:54:44.225] [WARN] warnOnly - ruta /favicon.ico método GET no implementada
[2022-09-26T14:54:48.335] [WARN] warnOnly - ruta /favicon.ico método GET no implementada
[2022-09-27T09:40:31.480] [WARN] warnOnly - ruta /favicon.ico método GET no implementada
[2022-09-27T09:40:36.040] [WARN] warnOnly - ruta /api/nop método GET no implementada
[2022-09-27T22:45:56.693] [WARN] warnOnly - ruta /favicon.ico método GET no implementada
[2022-09-27T23:10:28.714] [WARN] warnOnly - ruta /api/products/ método PUT no implementada
[2022-09-28T18:38:02.613] [WARN] warnOnly - ruta /favicon.ico método GET no implementada
[2022-09-28T18:38:18.897] [WARN] warnOnly - ruta /mycart/6308add6fdd9618fa1afe183 método GET no implementada
[2022-09-28T18:48:29.166] [WARN] warnOnly - ruta /favicon.ico método GET no implementada
[2022-09-28T19:02:49.680] [WARN] warnOnly - ruta /api/products/6332ef34db90f6cdb028b333 método POST no implementada
[2022-09-28T19:14:40.511] [WARN] warnOnly - ruta /api/nop método GET no implementada
[2022-09-28T20:40:58.080] [WARN] warnOnly - ruta /api/nop método GET no implementada
[2022-09-28T21:17:10.878] [WARN] warnOnly - ruta /api/nop método GET no implementada
[2022-09-28T21:36:46.617] [WARN] warnOnly - ruta /api/nop método GET no implementada
[2022-09-28T22:14:37.994] [WARN] warnOnly - ruta /api/nop método GET no implementada
[2022-09-28T22:26:14.923] [WARN] warnOnly - ruta /api/nop método GET no implementada
[2022-09-28T23:15:46.291] [WARN] warnOnly - ruta /api/nop método GET no implementada
[2022-09-28T23:15:51.509] [WARN] warnOnly - ruta /mycart/6308add6fdd9618fa1afe183 método GET no implementada
[2022-09-28T23:16:26.638] [WARN] warnOnly - ruta /api/nop método GET no implementada
[2022-09-28T23:16:30.566] [WARN] warnOnly - ruta /mycart/6308add6fdd9618fa1afe183 método GET no implementada
[2022-09-28T23:16:34.208] [WARN] warnOnly - ruta /api/nop método GET no implementada
[2022-09-28T23:16:36.452] [WARN] warnOnly - ruta /mycart/6308add6fdd9618fa1afe183 método GET no implementada
[2022-09-29T22:30:12.213] [WARN] warnOnly - ruta /favicon.ico método GET no implementada
[2022-09-29T22:30:18.345] [WARN] warnOnly - ruta /api/nop método GET no implementada
[2022-09-29T22:30:24.394] [WARN] warnOnly - ruta /mycart/6308add6fdd9618fa1afe183 método GET no implementada
[2022-09-29T22:33:05.374] [WARN] warnOnly - ruta /api/nop método GET no implementada
[2022-09-29T22:33:21.763] [WARN] warnOnly - ruta /api/nop método GET no implementada
[2022-09-29T22:45:44.594] [WARN] warnOnly - ruta /favicon.ico método GET no implementada
[2022-09-29T22:45:49.634] [WARN] warnOnly - ruta /api/nop método GET no implementada
[2022-09-29T22:52:03.721] [WARN] warnOnly - ruta /api/nop método GET no implementada
[2022-09-29T22:52:22.249] [WARN] warnOnly - ruta /api/nop método GET no implementada
[2022-09-29T22:52:30.689] [WARN] warnOnly - ruta /api/nop método GET no implementada
[2022-09-29T22:52:45.177] [WARN] warnOnly - ruta /api/nop método GET no implementada
[2022-09-29T22:55:50.198] [WARN] warnOnly - ruta /api/nop método GET no implementada
[2022-09-29T22:56:33.033] [WARN] warnOnly - ruta /api/nop método GET no implementada
[2022-09-29T22:58:12.881] [WARN] warnOnly - ruta /api/nop método GET no implementada
[2022-09-29T22:58:23.711] [WARN] warnOnly - ruta /api/nop método GET no implementada
